<?xml version="1.0" encoding="UTF-8"?>
<!-- Generated by org.testng.reporters.JUnitReportReporter -->
<testsuite hostname="20160229-115937" name="com.creditease.xyuan.httpTest.test.testngRun" tests="1" failures="0" timestamp="31 Mar 2016 03:27:25 GMT" time="1.029" errors="0">
  <testcase name="runTestCase" time="1.029" classname="com.creditease.xyuan.httpTest.test.testngRun"/>
</testsuite> <!-- com.creditease.xyuan.httpTest.test.testngRun -->
