<?xml version="1.0" encoding="UTF-8"?>
<!-- Generated by org.testng.reporters.JUnitReportReporter -->
<testsuite hostname="20160229-115937" name="com.creditease.xyuan.httpTest.test.testngRun" tests="1" failures="0" timestamp="4 May 2016 02:06:18 GMT" time="0.000" errors="1">
  <testcase name="runTestCase" time="0.000" classname="com.creditease.xyuan.httpTest.test.testngRun">
    <error type="java.lang.RuntimeException" message="java.lang.NullPointerException">
      <![CDATA[java.lang.RuntimeException: java.lang.NullPointerException
	at org.testng.internal.MethodInvocationHelper.invokeDataProvider(MethodInvocationHelper.java:162)
	at org.testng.internal.Parameters.handleParameters(Parameters.java:441)
	at org.testng.internal.Invoker.handleParameters(Invoker.java:1300)
	at org.testng.internal.Invoker.createParameters(Invoker.java:1015)
	at org.testng.internal.Invoker.invokeTestMethods(Invoker.java:1104)
	at org.testng.internal.TestMethodWorker.invokeTestMethods(TestMethodWorker.java:125)
	at org.testng.internal.TestMethodWorker.run(TestMethodWorker.java:108)
	at org.testng.TestRunner.privateRun(TestRunner.java:771)
	at org.testng.TestRunner.run(TestRunner.java:621)
	at org.testng.SuiteRunner.runTest(SuiteRunner.java:357)
	at org.testng.SuiteRunner.runSequentially(SuiteRunner.java:352)
	at org.testng.SuiteRunner.privateRun(SuiteRunner.java:310)
	at org.testng.SuiteRunner.run(SuiteRunner.java:259)
	at org.testng.SuiteRunnerWorker.runSuite(SuiteRunnerWorker.java:52)
	at org.testng.SuiteRunnerWorker.run(SuiteRunnerWorker.java:86)
	at org.testng.TestNG.runSuitesSequentially(TestNG.java:1199)
	at org.testng.TestNG.runSuitesLocally(TestNG.java:1124)
	at org.testng.TestNG.run(TestNG.java:1032)
	at com.creditease.xyuan.httpTest.test.TestNGProcesser.runTestNG(TestNGProcesser.java:116)
	at com.creditease.xyuan.httpTest.test.TestNGProcesser.runSequenceTests(TestNGProcesser.java:88)
	at com.creditease.xyuan.httpTest.test.TestNGProcesser.test(TestNGProcesser.java:49)
	at com.creditease.xyuan.httpTest.test.TestNGProcesser.main(TestNGProcesser.java:25)
Caused by: java.lang.NullPointerException
	at com.creditease.xyuan.httpTest.Helper.ConfigHelper.<init>(ConfigHelper.java:22)
	at com.creditease.xyuan.httpTest.test.testngRun.getData(testngRun.java:14)
	at sun.reflect.NativeMethodAccessorImpl.invoke0(Native Method)
	at sun.reflect.NativeMethodAccessorImpl.invoke(NativeMethodAccessorImpl.java:57)
	at sun.reflect.DelegatingMethodAccessorImpl.invoke(DelegatingMethodAccessorImpl.java:43)
	at java.lang.reflect.Method.invoke(Method.java:601)
	at org.testng.internal.MethodInvocationHelper.invokeMethod(MethodInvocationHelper.java:85)
	at org.testng.internal.MethodInvocationHelper.invokeDataProvider(MethodInvocationHelper.java:136)
	... 21 more
]]>
    </error>
  </testcase> <!-- runTestCase -->
</testsuite> <!-- com.creditease.xyuan.httpTest.test.testngRun -->
